[20-Sep-2017 06:37:27 UTC] PHP Warning:  include_once(./functions/functins.php): failed to open stream: No such file or directory in /home/ubuntu/workspace/CST336/Homework/Homework_2/index.php on line 32
[20-Sep-2017 06:37:27 UTC] PHP Stack trace:
[20-Sep-2017 06:37:27 UTC] PHP   1. {main}() /home/ubuntu/workspace/CST336/Homework/Homework_2/index.php:0
[20-Sep-2017 06:37:27 UTC] PHP Warning:  include_once(): Failed opening './functions/functins.php' for inclusion (include_path='.:/usr/share/php:/usr/share/pear') in /home/ubuntu/workspace/CST336/Homework/Homework_2/index.php on line 32
[20-Sep-2017 06:37:27 UTC] PHP Stack trace:
[20-Sep-2017 06:37:27 UTC] PHP   1. {main}() /home/ubuntu/workspace/CST336/Homework/Homework_2/index.php:0
[20-Sep-2017 06:37:27 UTC] PHP Warning:  sort() expects parameter 1 to be array, null given in /home/ubuntu/workspace/CST336/Homework/Homework_2/index.php on line 42
[20-Sep-2017 06:37:27 UTC] PHP Stack trace:
[20-Sep-2017 06:37:27 UTC] PHP   1. {main}() /home/ubuntu/workspace/CST336/Homework/Homework_2/index.php:0
[20-Sep-2017 06:37:27 UTC] PHP   2. sort() /home/ubuntu/workspace/CST336/Homework/Homework_2/index.php:42
[20-Sep-2017 06:39:30 UTC] PHP Warning:  sort() expects parameter 1 to be array, null given in /home/ubuntu/workspace/CST336/Homework/Homework_2/index.php on line 42
[20-Sep-2017 06:39:30 UTC] PHP Stack trace:
[20-Sep-2017 06:39:30 UTC] PHP   1. {main}() /home/ubuntu/workspace/CST336/Homework/Homework_2/index.php:0
[20-Sep-2017 06:39:30 UTC] PHP   2. sort() /home/ubuntu/workspace/CST336/Homework/Homework_2/index.php:42
[20-Sep-2017 06:42:27 UTC] PHP Warning:  sort() expects parameter 1 to be array, null given in /home/ubuntu/workspace/CST336/Homework/Homework_2/index.php on line 42
[20-Sep-2017 06:42:27 UTC] PHP Stack trace:
[20-Sep-2017 06:42:27 UTC] PHP   1. {main}() /home/ubuntu/workspace/CST336/Homework/Homework_2/index.php:0
[20-Sep-2017 06:42:27 UTC] PHP   2. sort() /home/ubuntu/workspace/CST336/Homework/Homework_2/index.php:42
[20-Sep-2017 06:42:30 UTC] PHP Warning:  sort() expects parameter 1 to be array, null given in /home/ubuntu/workspace/CST336/Homework/Homework_2/index.php on line 42
[20-Sep-2017 06:42:30 UTC] PHP Stack trace:
[20-Sep-2017 06:42:30 UTC] PHP   1. {main}() /home/ubuntu/workspace/CST336/Homework/Homework_2/index.php:0
[20-Sep-2017 06:42:30 UTC] PHP   2. sort() /home/ubuntu/workspace/CST336/Homework/Homework_2/index.php:42
[20-Sep-2017 06:42:55 UTC] PHP Warning:  sort() expects parameter 1 to be array, null given in /home/ubuntu/workspace/CST336/Homework/Homework_2/index.php on line 42
[20-Sep-2017 06:42:55 UTC] PHP Stack trace:
[20-Sep-2017 06:42:55 UTC] PHP   1. {main}() /home/ubuntu/workspace/CST336/Homework/Homework_2/index.php:0
[20-Sep-2017 06:42:55 UTC] PHP   2. sort() /home/ubuntu/workspace/CST336/Homework/Homework_2/index.php:42
[20-Sep-2017 06:49:43 UTC] PHP Warning:  sort() expects parameter 1 to be array, null given in /home/ubuntu/workspace/CST336/Homework/Homework_2/index.php on line 42
[20-Sep-2017 06:49:43 UTC] PHP Stack trace:
[20-Sep-2017 06:49:43 UTC] PHP   1. {main}() /home/ubuntu/workspace/CST336/Homework/Homework_2/index.php:0
[20-Sep-2017 06:49:43 UTC] PHP   2. sort() /home/ubuntu/workspace/CST336/Homework/Homework_2/index.php:42
[20-Sep-2017 19:30:54 UTC] PHP Warning:  Invalid argument supplied for foreach() in /home/ubuntu/workspace/CST336/Homework/Homework_2/functions/functions.php on line 31
[20-Sep-2017 19:30:54 UTC] PHP Stack trace:
[20-Sep-2017 19:30:54 UTC] PHP   1. {main}() /home/ubuntu/workspace/CST336/Homework/Homework_2/index.php:0
[20-Sep-2017 19:30:54 UTC] PHP   2. play() /home/ubuntu/workspace/CST336/Homework/Homework_2/index.php:41
[20-Sep-2017 19:30:54 UTC] PHP   3. isDuplicate() /home/ubuntu/workspace/CST336/Homework/Homework_2/functions/functions.php:20
[20-Sep-2017 19:30:54 UTC] PHP Warning:  array_push() expects parameter 1 to be array, null given in /home/ubuntu/workspace/CST336/Homework/Homework_2/functions/functions.php on line 24
[20-Sep-2017 19:30:54 UTC] PHP Stack trace:
[20-Sep-2017 19:30:54 UTC] PHP   1. {main}() /home/ubuntu/workspace/CST336/Homework/Homework_2/index.php:0
[20-Sep-2017 19:30:54 UTC] PHP   2. play() /home/ubuntu/workspace/CST336/Homework/Homework_2/index.php:41
[20-Sep-2017 19:30:54 UTC] PHP   3. array_push() /home/ubuntu/workspace/CST336/Homework/Homework_2/functions/functions.php:24
[20-Sep-2017 19:30:54 UTC] PHP Warning:  Invalid argument supplied for foreach() in /home/ubuntu/workspace/CST336/Homework/Homework_2/functions/functions.php on line 31
[20-Sep-2017 19:30:54 UTC] PHP Stack trace:
[20-Sep-2017 19:30:54 UTC] PHP   1. {main}() /home/ubuntu/workspace/CST336/Homework/Homework_2/index.php:0
[20-Sep-2017 19:30:54 UTC] PHP   2. play() /home/ubuntu/workspace/CST336/Homework/Homework_2/index.php:41
[20-Sep-2017 19:30:54 UTC] PHP   3. isDuplicate() /home/ubuntu/workspace/CST336/Homework/Homework_2/functions/functions.php:20
[20-Sep-2017 19:30:54 UTC] PHP Warning:  array_push() expects parameter 1 to be array, null given in /home/ubuntu/workspace/CST336/Homework/Homework_2/functions/functions.php on line 24
[20-Sep-2017 19:30:54 UTC] PHP Stack trace:
[20-Sep-2017 19:30:54 UTC] PHP   1. {main}() /home/ubuntu/workspace/CST336/Homework/Homework_2/index.php:0
[20-Sep-2017 19:30:54 UTC] PHP   2. play() /home/ubuntu/workspace/CST336/Homework/Homework_2/index.php:41
[20-Sep-2017 19:30:54 UTC] PHP   3. array_push() /home/ubuntu/workspace/CST336/Homework/Homework_2/functions/functions.php:24
[20-Sep-2017 19:30:54 UTC] PHP Warning:  Invalid argument supplied for foreach() in /home/ubuntu/workspace/CST336/Homework/Homework_2/functions/functions.php on line 31
[20-Sep-2017 19:30:54 UTC] PHP Stack trace:
[20-Sep-2017 19:30:54 UTC] PHP   1. {main}() /home/ubuntu/workspace/CST336/Homework/Homework_2/index.php:0
[20-Sep-2017 19:30:54 UTC] PHP   2. play() /home/ubuntu/workspace/CST336/Homework/Homework_2/index.php:41
[20-Sep-2017 19:30:54 UTC] PHP   3. isDuplicate() /home/ubuntu/workspace/CST336/Homework/Homework_2/functions/functions.php:20
[20-Sep-2017 19:30:54 UTC] PHP Warning:  array_push() expects parameter 1 to be array, null given in /home/ubuntu/workspace/CST336/Homework/Homework_2/functions/functions.php on line 24
[20-Sep-2017 19:30:54 UTC] PHP Stack trace:
[20-Sep-2017 19:30:54 UTC] PHP   1. {main}() /home/ubuntu/workspace/CST336/Homework/Homework_2/index.php:0
[20-Sep-2017 19:30:54 UTC] PHP   2. play() /home/ubuntu/workspace/CST336/Homework/Homework_2/index.php:41
[20-Sep-2017 19:30:54 UTC] PHP   3. array_push() /home/ubuntu/workspace/CST336/Homework/Homework_2/functions/functions.php:24
[20-Sep-2017 19:30:54 UTC] PHP Warning:  Invalid argument supplied for foreach() in /home/ubuntu/workspace/CST336/Homework/Homework_2/functions/functions.php on line 31
[20-Sep-2017 19:30:54 UTC] PHP Stack trace:
[20-Sep-2017 19:30:54 UTC] PHP   1. {main}() /home/ubuntu/workspace/CST336/Homework/Homework_2/index.php:0
[20-Sep-2017 19:30:54 UTC] PHP   2. play() /home/ubuntu/workspace/CST336/Homework/Homework_2/index.php:41
[20-Sep-2017 19:30:54 UTC] PHP   3. isDuplicate() /home/ubuntu/workspace/CST336/Homework/Homework_2/functions/functions.php:20
[20-Sep-2017 19:30:54 UTC] PHP Warning:  array_push() expects parameter 1 to be array, null given in /home/ubuntu/workspace/CST336/Homework/Homework_2/functions/functions.php on line 24
[20-Sep-2017 19:30:54 UTC] PHP Stack trace:
[20-Sep-2017 19:30:54 UTC] PHP   1. {main}() /home/ubuntu/workspace/CST336/Homework/Homework_2/index.php:0
[20-Sep-2017 19:30:54 UTC] PHP   2. play() /home/ubuntu/workspace/CST336/Homework/Homework_2/index.php:41
[20-Sep-2017 19:30:54 UTC] PHP   3. array_push() /home/ubuntu/workspace/CST336/Homework/Homework_2/functions/functions.php:24
[20-Sep-2017 19:30:54 UTC] PHP Warning:  Invalid argument supplied for foreach() in /home/ubuntu/workspace/CST336/Homework/Homework_2/functions/functions.php on line 31
[20-Sep-2017 19:30:54 UTC] PHP Stack trace:
[20-Sep-2017 19:30:54 UTC] PHP   1. {main}() /home/ubuntu/workspace/CST336/Homework/Homework_2/index.php:0
[20-Sep-2017 19:30:54 UTC] PHP   2. play() /home/ubuntu/workspace/CST336/Homework/Homework_2/index.php:41
[20-Sep-2017 19:30:54 UTC] PHP   3. isDuplicate() /home/ubuntu/workspace/CST336/Homework/Homework_2/functions/functions.php:20
[20-Sep-2017 19:30:54 UTC] PHP Warning:  array_push() expects parameter 1 to be array, null given in /home/ubuntu/workspace/CST336/Homework/Homework_2/functions/functions.php on line 24
[20-Sep-2017 19:30:54 UTC] PHP Stack trace:
[20-Sep-2017 19:30:54 UTC] PHP   1. {main}() /home/ubuntu/workspace/CST336/Homework/Homework_2/index.php:0
[20-Sep-2017 19:30:54 UTC] PHP   2. play() /home/ubuntu/workspace/CST336/Homework/Homework_2/index.php:41
[20-Sep-2017 19:30:54 UTC] PHP   3. array_push() /home/ubuntu/workspace/CST336/Homework/Homework_2/functions/functions.php:24
[20-Sep-2017 19:31:24 UTC] PHP Warning:  Invalid argument supplied for foreach() in /home/ubuntu/workspace/CST336/Homework/Homework_2/functions/functions.php on line 31
[20-Sep-2017 19:31:24 UTC] PHP Stack trace:
[20-Sep-2017 19:31:24 UTC] PHP   1. {main}() /home/ubuntu/workspace/CST336/Homework/Homework_2/index.php:0
[20-Sep-2017 19:31:24 UTC] PHP   2. play() /home/ubuntu/workspace/CST336/Homework/Homework_2/index.php:41
[20-Sep-2017 19:31:24 UTC] PHP   3. isDuplicate() /home/ubuntu/workspace/CST336/Homework/Homework_2/functions/functions.php:20
[20-Sep-2017 19:31:24 UTC] PHP Warning:  array_push() expects parameter 1 to be array, null given in /home/ubuntu/workspace/CST336/Homework/Homework_2/functions/functions.php on line 24
[20-Sep-2017 19:31:24 UTC] PHP Stack trace:
[20-Sep-2017 19:31:24 UTC] PHP   1. {main}() /home/ubuntu/workspace/CST336/Homework/Homework_2/index.php:0
[20-Sep-2017 19:31:24 UTC] PHP   2. play() /home/ubuntu/workspace/CST336/Homework/Homework_2/index.php:41
[20-Sep-2017 19:31:24 UTC] PHP   3. array_push() /home/ubuntu/workspace/CST336/Homework/Homework_2/functions/functions.php:24
[20-Sep-2017 19:31:24 UTC] PHP Warning:  Invalid argument supplied for foreach() in /home/ubuntu/workspace/CST336/Homework/Homework_2/functions/functions.php on line 31
[20-Sep-2017 19:31:24 UTC] PHP Stack trace:
[20-Sep-2017 19:31:24 UTC] PHP   1. {main}() /home/ubuntu/workspace/CST336/Homework/Homework_2/index.php:0
[20-Sep-2017 19:31:24 UTC] PHP   2. play() /home/ubuntu/workspace/CST336/Homework/Homework_2/index.php:41
[20-Sep-2017 19:31:24 UTC] PHP   3. isDuplicate() /home/ubuntu/workspace/CST336/Homework/Homework_2/functions/functions.php:20
[20-Sep-2017 19:31:24 UTC] PHP Warning:  array_push() expects parameter 1 to be array, null given in /home/ubuntu/workspace/CST336/Homework/Homework_2/functions/functions.php on line 24
[20-Sep-2017 19:31:24 UTC] PHP Stack trace:
[20-Sep-2017 19:31:24 UTC] PHP   1. {main}() /home/ubuntu/workspace/CST336/Homework/Homework_2/index.php:0
[20-Sep-2017 19:31:24 UTC] PHP   2. play() /home/ubuntu/workspace/CST336/Homework/Homework_2/index.php:41
[20-Sep-2017 19:31:24 UTC] PHP   3. array_push() /home/ubuntu/workspace/CST336/Homework/Homework_2/functions/functions.php:24
[20-Sep-2017 19:31:24 UTC] PHP Warning:  Invalid argument supplied for foreach() in /home/ubuntu/workspace/CST336/Homework/Homework_2/functions/functions.php on line 31
[20-Sep-2017 19:31:24 UTC] PHP Stack trace:
[20-Sep-2017 19:31:24 UTC] PHP   1. {main}() /home/ubuntu/workspace/CST336/Homework/Homework_2/index.php:0
[20-Sep-2017 19:31:24 UTC] PHP   2. play() /home/ubuntu/workspace/CST336/Homework/Homework_2/index.php:41
[20-Sep-2017 19:31:24 UTC] PHP   3. isDuplicate() /home/ubuntu/workspace/CST336/Homework/Homework_2/functions/functions.php:20
[20-Sep-2017 19:31:24 UTC] PHP Warning:  array_push() expects parameter 1 to be array, null given in /home/ubuntu/workspace/CST336/Homework/Homework_2/functions/functions.php on line 24
[20-Sep-2017 19:31:24 UTC] PHP Stack trace:
[20-Sep-2017 19:31:24 UTC] PHP   1. {main}() /home/ubuntu/workspace/CST336/Homework/Homework_2/index.php:0
[20-Sep-2017 19:31:24 UTC] PHP   2. play() /home/ubuntu/workspace/CST336/Homework/Homework_2/index.php:41
[20-Sep-2017 19:31:24 UTC] PHP   3. array_push() /home/ubuntu/workspace/CST336/Homework/Homework_2/functions/functions.php:24
[20-Sep-2017 19:31:24 UTC] PHP Warning:  Invalid argument supplied for foreach() in /home/ubuntu/workspace/CST336/Homework/Homework_2/functions/functions.php on line 31
[20-Sep-2017 19:31:24 UTC] PHP Stack trace:
[20-Sep-2017 19:31:24 UTC] PHP   1. {main}() /home/ubuntu/workspace/CST336/Homework/Homework_2/index.php:0
[20-Sep-2017 19:31:24 UTC] PHP   2. play() /home/ubuntu/workspace/CST336/Homework/Homework_2/index.php:41
[20-Sep-2017 19:31:24 UTC] PHP   3. isDuplicate() /home/ubuntu/workspace/CST336/Homework/Homework_2/functions/functions.php:20
[20-Sep-2017 19:31:24 UTC] PHP Warning:  array_push() expects parameter 1 to be array, null given in /home/ubuntu/workspace/CST336/Homework/Homework_2/functions/functions.php on line 24
[20-Sep-2017 19:31:24 UTC] PHP Stack trace:
[20-Sep-2017 19:31:24 UTC] PHP   1. {main}() /home/ubuntu/workspace/CST336/Homework/Homework_2/index.php:0
[20-Sep-2017 19:31:24 UTC] PHP   2. play() /home/ubuntu/workspace/CST336/Homework/Homework_2/index.php:41
[20-Sep-2017 19:31:24 UTC] PHP   3. array_push() /home/ubuntu/workspace/CST336/Homework/Homework_2/functions/functions.php:24
[20-Sep-2017 19:31:24 UTC] PHP Warning:  Invalid argument supplied for foreach() in /home/ubuntu/workspace/CST336/Homework/Homework_2/functions/functions.php on line 31
[20-Sep-2017 19:31:24 UTC] PHP Stack trace:
[20-Sep-2017 19:31:24 UTC] PHP   1. {main}() /home/ubuntu/workspace/CST336/Homework/Homework_2/index.php:0
[20-Sep-2017 19:31:24 UTC] PHP   2. play() /home/ubuntu/workspace/CST336/Homework/Homework_2/index.php:41
[20-Sep-2017 19:31:24 UTC] PHP   3. isDuplicate() /home/ubuntu/workspace/CST336/Homework/Homework_2/functions/functions.php:20
[20-Sep-2017 19:31:24 UTC] PHP Warning:  array_push() expects parameter 1 to be array, null given in /home/ubuntu/workspace/CST336/Homework/Homework_2/functions/functions.php on line 24
[20-Sep-2017 19:31:24 UTC] PHP Stack trace:
[20-Sep-2017 19:31:24 UTC] PHP   1. {main}() /home/ubuntu/workspace/CST336/Homework/Homework_2/index.php:0
[20-Sep-2017 19:31:24 UTC] PHP   2. play() /home/ubuntu/workspace/CST336/Homework/Homework_2/index.php:41
[20-Sep-2017 19:31:24 UTC] PHP   3. array_push() /home/ubuntu/workspace/CST336/Homework/Homework_2/functions/functions.php:24
[15-Nov-2017 03:54:02 UTC] PHP Warning:  include_once(./functions/functions.php): failed to open stream: No such file or directory in /home/ubuntu/workspace/CST336/Homework/Homework_4/index.php on line 33
[15-Nov-2017 03:54:02 UTC] PHP Stack trace:
[15-Nov-2017 03:54:02 UTC] PHP   1. {main}() /home/ubuntu/workspace/CST336/Homework/Homework_4/index.php:0
[15-Nov-2017 03:54:02 UTC] PHP Warning:  include_once(): Failed opening './functions/functions.php' for inclusion (include_path='.:/usr/share/php:/usr/share/pear') in /home/ubuntu/workspace/CST336/Homework/Homework_4/index.php on line 33
[15-Nov-2017 03:54:02 UTC] PHP Stack trace:
[15-Nov-2017 03:54:02 UTC] PHP   1. {main}() /home/ubuntu/workspace/CST336/Homework/Homework_4/index.php:0
[15-Nov-2017 03:54:02 UTC] PHP Warning:  sort() expects parameter 1 to be array, null given in /home/ubuntu/workspace/CST336/Homework/Homework_4/index.php on line 44
[15-Nov-2017 03:54:02 UTC] PHP Stack trace:
[15-Nov-2017 03:54:02 UTC] PHP   1. {main}() /home/ubuntu/workspace/CST336/Homework/Homework_4/index.php:0
[15-Nov-2017 03:54:02 UTC] PHP   2. sort() /home/ubuntu/workspace/CST336/Homework/Homework_4/index.php:44
[15-Nov-2017 03:55:09 UTC] PHP Warning:  include_once(./functions/functions.php): failed to open stream: No such file or directory in /home/ubuntu/workspace/CST336/Homework/Homework_4/index.php on line 33
[15-Nov-2017 03:55:09 UTC] PHP Stack trace:
[15-Nov-2017 03:55:09 UTC] PHP   1. {main}() /home/ubuntu/workspace/CST336/Homework/Homework_4/index.php:0
[15-Nov-2017 03:55:09 UTC] PHP Warning:  include_once(): Failed opening './functions/functions.php' for inclusion (include_path='.:/usr/share/php:/usr/share/pear') in /home/ubuntu/workspace/CST336/Homework/Homework_4/index.php on line 33
[15-Nov-2017 03:55:09 UTC] PHP Stack trace:
[15-Nov-2017 03:55:09 UTC] PHP   1. {main}() /home/ubuntu/workspace/CST336/Homework/Homework_4/index.php:0
[15-Nov-2017 03:55:09 UTC] PHP Warning:  sort() expects parameter 1 to be array, null given in /home/ubuntu/workspace/CST336/Homework/Homework_4/index.php on line 44
[15-Nov-2017 03:55:09 UTC] PHP Stack trace:
[15-Nov-2017 03:55:09 UTC] PHP   1. {main}() /home/ubuntu/workspace/CST336/Homework/Homework_4/index.php:0
[15-Nov-2017 03:55:09 UTC] PHP   2. sort() /home/ubuntu/workspace/CST336/Homework/Homework_4/index.php:44
