[08-Sep-2017 19:50:46 UTC] PHP Warning:  include(inc/functions.php): failed to open stream: No such file or directory in /home/ubuntu/workspace/CST336/Labs/Lab2/index.php on line 10
[08-Sep-2017 19:50:46 UTC] PHP Stack trace:
[08-Sep-2017 19:50:46 UTC] PHP   1. {main}() /home/ubuntu/workspace/CST336/Labs/Lab2/index.php:0
[08-Sep-2017 19:50:46 UTC] PHP Warning:  include(): Failed opening 'inc/functions.php' for inclusion (include_path='.:/usr/share/php:/usr/share/pear') in /home/ubuntu/workspace/CST336/Labs/Lab2/index.php on line 10
[08-Sep-2017 19:50:46 UTC] PHP Stack trace:
[08-Sep-2017 19:50:46 UTC] PHP   1. {main}() /home/ubuntu/workspace/CST336/Labs/Lab2/index.php:0
[08-Sep-2017 19:50:46 UTC] PHP Fatal error:  Call to undefined function displaySymbol() in /home/ubuntu/workspace/CST336/Labs/Lab2/index.php on line 15
[08-Sep-2017 19:50:46 UTC] PHP Stack trace:
[08-Sep-2017 19:50:46 UTC] PHP   1. {main}() /home/ubuntu/workspace/CST336/Labs/Lab2/index.php:0
[08-Sep-2017 19:51:26 UTC] PHP Warning:  include(Lab2/functions.php): failed to open stream: No such file or directory in /home/ubuntu/workspace/CST336/Labs/Lab2/index.php on line 10
[08-Sep-2017 19:51:26 UTC] PHP Stack trace:
[08-Sep-2017 19:51:26 UTC] PHP   1. {main}() /home/ubuntu/workspace/CST336/Labs/Lab2/index.php:0
[08-Sep-2017 19:51:26 UTC] PHP Warning:  include(): Failed opening 'Lab2/functions.php' for inclusion (include_path='.:/usr/share/php:/usr/share/pear') in /home/ubuntu/workspace/CST336/Labs/Lab2/index.php on line 10
[08-Sep-2017 19:51:26 UTC] PHP Stack trace:
[08-Sep-2017 19:51:26 UTC] PHP   1. {main}() /home/ubuntu/workspace/CST336/Labs/Lab2/index.php:0
[08-Sep-2017 19:51:26 UTC] PHP Fatal error:  Call to undefined function displaySymbol() in /home/ubuntu/workspace/CST336/Labs/Lab2/index.php on line 15
[08-Sep-2017 19:51:26 UTC] PHP Stack trace:
[08-Sep-2017 19:51:26 UTC] PHP   1. {main}() /home/ubuntu/workspace/CST336/Labs/Lab2/index.php:0
[08-Sep-2017 19:52:23 UTC] PHP Warning:  include(inc/functions.php): failed to open stream: No such file or directory in /home/ubuntu/workspace/CST336/Labs/Lab2/index.php on line 10
[08-Sep-2017 19:52:23 UTC] PHP Stack trace:
[08-Sep-2017 19:52:23 UTC] PHP   1. {main}() /home/ubuntu/workspace/CST336/Labs/Lab2/index.php:0
[08-Sep-2017 19:52:23 UTC] PHP Warning:  include(): Failed opening 'inc/functions.php' for inclusion (include_path='.:/usr/share/php:/usr/share/pear') in /home/ubuntu/workspace/CST336/Labs/Lab2/index.php on line 10
[08-Sep-2017 19:52:23 UTC] PHP Stack trace:
[08-Sep-2017 19:52:23 UTC] PHP   1. {main}() /home/ubuntu/workspace/CST336/Labs/Lab2/index.php:0
[08-Sep-2017 19:52:23 UTC] PHP Fatal error:  Call to undefined function displaySymbol() in /home/ubuntu/workspace/CST336/Labs/Lab2/index.php on line 15
[08-Sep-2017 19:52:23 UTC] PHP Stack trace:
[08-Sep-2017 19:52:23 UTC] PHP   1. {main}() /home/ubuntu/workspace/CST336/Labs/Lab2/index.php:0
