[08-Dec-2017 08:44:48 UTC] PHP Parse error:  syntax error, unexpected '$equipment_id' (T_VARIABLE) in /home/ubuntu/workspace/CST336/final_project/Simulator/getStatsBySQL.php on line 7
[08-Dec-2017 08:44:48 UTC] PHP Parse error:  syntax error, unexpected '$equipment_id' (T_VARIABLE) in /home/ubuntu/workspace/CST336/final_project/Simulator/getStatsBySQL.php on line 7
[08-Dec-2017 08:44:48 UTC] PHP Parse error:  syntax error, unexpected '$equipment_id' (T_VARIABLE) in /home/ubuntu/workspace/CST336/final_project/Simulator/getStatsBySQL.php on line 7
[08-Dec-2017 08:44:48 UTC] PHP Parse error:  syntax error, unexpected '$equipment_id' (T_VARIABLE) in /home/ubuntu/workspace/CST336/final_project/Simulator/getStatsBySQL.php on line 7
[08-Dec-2017 08:45:42 UTC] PHP Parse error:  syntax error, unexpected '$equipment_id' (T_VARIABLE) in /home/ubuntu/workspace/CST336/final_project/Simulator/getStatsBySQL.php on line 7
[08-Dec-2017 08:45:43 UTC] PHP Parse error:  syntax error, unexpected '$equipment_id' (T_VARIABLE) in /home/ubuntu/workspace/CST336/final_project/Simulator/getStatsBySQL.php on line 7
[08-Dec-2017 08:45:43 UTC] PHP Parse error:  syntax error, unexpected '$equipment_id' (T_VARIABLE) in /home/ubuntu/workspace/CST336/final_project/Simulator/getStatsBySQL.php on line 7
[08-Dec-2017 08:45:43 UTC] PHP Parse error:  syntax error, unexpected '$equipment_id' (T_VARIABLE) in /home/ubuntu/workspace/CST336/final_project/Simulator/getStatsBySQL.php on line 7
[08-Dec-2017 08:46:26 UTC] PHP Parse error:  syntax error, unexpected '$equipment_id' (T_VARIABLE) in /home/ubuntu/workspace/CST336/final_project/Simulator/getStatsBySQL.php on line 7
[08-Dec-2017 08:46:26 UTC] PHP Parse error:  syntax error, unexpected '$equipment_id' (T_VARIABLE) in /home/ubuntu/workspace/CST336/final_project/Simulator/getStatsBySQL.php on line 7
[08-Dec-2017 08:46:26 UTC] PHP Parse error:  syntax error, unexpected '$equipment_id' (T_VARIABLE) in /home/ubuntu/workspace/CST336/final_project/Simulator/getStatsBySQL.php on line 7
[08-Dec-2017 08:46:26 UTC] PHP Parse error:  syntax error, unexpected '$equipment_id' (T_VARIABLE) in /home/ubuntu/workspace/CST336/final_project/Simulator/getStatsBySQL.php on line 7
[08-Dec-2017 08:46:35 UTC] PHP Parse error:  syntax error, unexpected '$equipment_id' (T_VARIABLE) in /home/ubuntu/workspace/CST336/final_project/Simulator/getStatsBySQL.php on line 7
[08-Dec-2017 08:46:35 UTC] PHP Parse error:  syntax error, unexpected '$equipment_id' (T_VARIABLE) in /home/ubuntu/workspace/CST336/final_project/Simulator/getStatsBySQL.php on line 7
[08-Dec-2017 08:46:36 UTC] PHP Parse error:  syntax error, unexpected '$equipment_id' (T_VARIABLE) in /home/ubuntu/workspace/CST336/final_project/Simulator/getStatsBySQL.php on line 7
[08-Dec-2017 08:46:36 UTC] PHP Parse error:  syntax error, unexpected '$equipment_id' (T_VARIABLE) in /home/ubuntu/workspace/CST336/final_project/Simulator/getStatsBySQL.php on line 7
[08-Dec-2017 08:47:12 UTC] PHP Parse error:  syntax error, unexpected '$equipment_id' (T_VARIABLE) in /home/ubuntu/workspace/CST336/final_project/Simulator/getStatsBySQL.php on line 7
[08-Dec-2017 08:47:12 UTC] PHP Parse error:  syntax error, unexpected '$equipment_id' (T_VARIABLE) in /home/ubuntu/workspace/CST336/final_project/Simulator/getStatsBySQL.php on line 7
[08-Dec-2017 08:47:12 UTC] PHP Parse error:  syntax error, unexpected '$equipment_id' (T_VARIABLE) in /home/ubuntu/workspace/CST336/final_project/Simulator/getStatsBySQL.php on line 7
[08-Dec-2017 08:47:12 UTC] PHP Parse error:  syntax error, unexpected '$equipment_id' (T_VARIABLE) in /home/ubuntu/workspace/CST336/final_project/Simulator/getStatsBySQL.php on line 7
[08-Dec-2017 08:49:19 UTC] PHP Fatal error:  Uncaught exception 'PDOException' with message 'SQLSTATE[HY000]: General error' in /home/ubuntu/workspace/CST336/final_project/Login/createAccountProcess.php:44
Stack trace:
#0 /home/ubuntu/workspace/CST336/final_project/Login/createAccountProcess.php(44): PDOStatement->fetch(2)
#1 {main}
  thrown in /home/ubuntu/workspace/CST336/final_project/Login/createAccountProcess.php on line 44
[08-Dec-2017 08:51:28 UTC] PHP Warning:  include(../../../final_project/SQLFunctions.php): failed to open stream: No such file or directory in /home/ubuntu/workspace/CST336/final_project/Login/createAccountProcess.php on line 3
[08-Dec-2017 08:51:28 UTC] PHP Stack trace:
[08-Dec-2017 08:51:28 UTC] PHP   1. {main}() /home/ubuntu/workspace/CST336/final_project/Login/createAccountProcess.php:0
[08-Dec-2017 08:51:28 UTC] PHP Warning:  include(): Failed opening '../../../final_project/SQLFunctions.php' for inclusion (include_path='.:/usr/share/php:/usr/share/pear') in /home/ubuntu/workspace/CST336/final_project/Login/createAccountProcess.php on line 3
[08-Dec-2017 08:51:28 UTC] PHP Stack trace:
[08-Dec-2017 08:51:28 UTC] PHP   1. {main}() /home/ubuntu/workspace/CST336/final_project/Login/createAccountProcess.php:0
[08-Dec-2017 08:51:28 UTC] PHP Fatal error:  Call to undefined function getDatabaseConnection() in /home/ubuntu/workspace/CST336/final_project/Login/createAccountProcess.php on line 5
[08-Dec-2017 08:51:28 UTC] PHP Stack trace:
[08-Dec-2017 08:51:28 UTC] PHP   1. {main}() /home/ubuntu/workspace/CST336/final_project/Login/createAccountProcess.php:0
[08-Dec-2017 08:52:56 UTC] PHP Fatal error:  Uncaught exception 'PDOException' with message 'SQLSTATE[HY000]: General error' in /home/ubuntu/workspace/CST336/final_project/Login/createAccountProcess.php:44
Stack trace:
#0 /home/ubuntu/workspace/CST336/final_project/Login/createAccountProcess.php(44): PDOStatement->fetch(2)
#1 {main}
  thrown in /home/ubuntu/workspace/CST336/final_project/Login/createAccountProcess.php on line 44
[08-Dec-2017 08:57:59 UTC] PHP Fatal error:  Uncaught exception 'PDOException' with message 'SQLSTATE[HY000]: General error' in /home/ubuntu/workspace/CST336/final_project/Login/createAccountProcess.php:44
Stack trace:
#0 /home/ubuntu/workspace/CST336/final_project/Login/createAccountProcess.php(44): PDOStatement->fetch(2)
#1 {main}
  thrown in /home/ubuntu/workspace/CST336/final_project/Login/createAccountProcess.php on line 44
[08-Dec-2017 09:02:32 UTC] PHP Parse error:  syntax error, unexpected '$equipment_id' (T_VARIABLE) in /home/ubuntu/workspace/CST336/final_project/Simulator/getStatsBySQL.php on line 7
[08-Dec-2017 09:02:33 UTC] PHP Parse error:  syntax error, unexpected '$equipment_id' (T_VARIABLE) in /home/ubuntu/workspace/CST336/final_project/Simulator/getStatsBySQL.php on line 7
[08-Dec-2017 09:02:33 UTC] PHP Parse error:  syntax error, unexpected '$equipment_id' (T_VARIABLE) in /home/ubuntu/workspace/CST336/final_project/Simulator/getStatsBySQL.php on line 7
[08-Dec-2017 09:02:33 UTC] PHP Parse error:  syntax error, unexpected '$equipment_id' (T_VARIABLE) in /home/ubuntu/workspace/CST336/final_project/Simulator/getStatsBySQL.php on line 7
[08-Dec-2017 09:05:02 UTC] PHP Parse error:  syntax error, unexpected '$equipment_id' (T_VARIABLE) in /home/ubuntu/workspace/CST336/final_project/Simulator/getStatsBySQL.php on line 7
[08-Dec-2017 09:05:02 UTC] PHP Parse error:  syntax error, unexpected '$equipment_id' (T_VARIABLE) in /home/ubuntu/workspace/CST336/final_project/Simulator/getStatsBySQL.php on line 7
[08-Dec-2017 09:05:02 UTC] PHP Parse error:  syntax error, unexpected '$equipment_id' (T_VARIABLE) in /home/ubuntu/workspace/CST336/final_project/Simulator/getStatsBySQL.php on line 7
[08-Dec-2017 09:05:02 UTC] PHP Parse error:  syntax error, unexpected '$equipment_id' (T_VARIABLE) in /home/ubuntu/workspace/CST336/final_project/Simulator/getStatsBySQL.php on line 7
[08-Dec-2017 09:05:20 UTC] PHP Parse error:  syntax error, unexpected '$equipment_id' (T_VARIABLE) in /home/ubuntu/workspace/CST336/final_project/Simulator/getStatsBySQL.php on line 7
[08-Dec-2017 09:05:20 UTC] PHP Parse error:  syntax error, unexpected '$equipment_id' (T_VARIABLE) in /home/ubuntu/workspace/CST336/final_project/Simulator/getStatsBySQL.php on line 7
[08-Dec-2017 09:05:20 UTC] PHP Parse error:  syntax error, unexpected '$equipment_id' (T_VARIABLE) in /home/ubuntu/workspace/CST336/final_project/Simulator/getStatsBySQL.php on line 7
[08-Dec-2017 09:05:20 UTC] PHP Parse error:  syntax error, unexpected '$equipment_id' (T_VARIABLE) in /home/ubuntu/workspace/CST336/final_project/Simulator/getStatsBySQL.php on line 7
[08-Dec-2017 09:05:21 UTC] PHP Parse error:  syntax error, unexpected '$equipment_id' (T_VARIABLE) in /home/ubuntu/workspace/CST336/final_project/Simulator/getStatsBySQL.php on line 7
[08-Dec-2017 09:05:21 UTC] PHP Parse error:  syntax error, unexpected '$equipment_id' (T_VARIABLE) in /home/ubuntu/workspace/CST336/final_project/Simulator/getStatsBySQL.php on line 7
[08-Dec-2017 09:05:21 UTC] PHP Parse error:  syntax error, unexpected '$equipment_id' (T_VARIABLE) in /home/ubuntu/workspace/CST336/final_project/Simulator/getStatsBySQL.php on line 7
[08-Dec-2017 09:05:21 UTC] PHP Parse error:  syntax error, unexpected '$equipment_id' (T_VARIABLE) in /home/ubuntu/workspace/CST336/final_project/Simulator/getStatsBySQL.php on line 7
[08-Dec-2017 09:05:32 UTC] PHP Parse error:  syntax error, unexpected '$equipment_id' (T_VARIABLE) in /home/ubuntu/workspace/CST336/final_project/Simulator/getStatsBySQL.php on line 7
[08-Dec-2017 09:05:32 UTC] PHP Parse error:  syntax error, unexpected '$equipment_id' (T_VARIABLE) in /home/ubuntu/workspace/CST336/final_project/Simulator/getStatsBySQL.php on line 7
[08-Dec-2017 09:05:32 UTC] PHP Parse error:  syntax error, unexpected '$equipment_id' (T_VARIABLE) in /home/ubuntu/workspace/CST336/final_project/Simulator/getStatsBySQL.php on line 7
[08-Dec-2017 09:05:32 UTC] PHP Parse error:  syntax error, unexpected '$equipment_id' (T_VARIABLE) in /home/ubuntu/workspace/CST336/final_project/Simulator/getStatsBySQL.php on line 7
[08-Dec-2017 09:13:00 UTC] PHP Parse error:  syntax error, unexpected '$equipment_id' (T_VARIABLE) in /home/ubuntu/workspace/CST336/final_project/Simulator/getStatsBySQL.php on line 7
[08-Dec-2017 09:13:00 UTC] PHP Parse error:  syntax error, unexpected '$equipment_id' (T_VARIABLE) in /home/ubuntu/workspace/CST336/final_project/Simulator/getStatsBySQL.php on line 7
[08-Dec-2017 09:13:00 UTC] PHP Parse error:  syntax error, unexpected '$equipment_id' (T_VARIABLE) in /home/ubuntu/workspace/CST336/final_project/Simulator/getStatsBySQL.php on line 7
[08-Dec-2017 09:13:00 UTC] PHP Parse error:  syntax error, unexpected '$equipment_id' (T_VARIABLE) in /home/ubuntu/workspace/CST336/final_project/Simulator/getStatsBySQL.php on line 7
[08-Dec-2017 09:13:04 UTC] PHP Parse error:  syntax error, unexpected '$equipment_id' (T_VARIABLE) in /home/ubuntu/workspace/CST336/final_project/Simulator/getStatsBySQL.php on line 7
[08-Dec-2017 09:13:04 UTC] PHP Parse error:  syntax error, unexpected '$equipment_id' (T_VARIABLE) in /home/ubuntu/workspace/CST336/final_project/Simulator/getStatsBySQL.php on line 7
[08-Dec-2017 09:13:04 UTC] PHP Parse error:  syntax error, unexpected '$equipment_id' (T_VARIABLE) in /home/ubuntu/workspace/CST336/final_project/Simulator/getStatsBySQL.php on line 7
[08-Dec-2017 09:13:04 UTC] PHP Parse error:  syntax error, unexpected '$equipment_id' (T_VARIABLE) in /home/ubuntu/workspace/CST336/final_project/Simulator/getStatsBySQL.php on line 7
[08-Dec-2017 09:16:37 UTC] PHP Parse error:  syntax error, unexpected '$equipment_id' (T_VARIABLE) in /home/ubuntu/workspace/CST336/final_project/Simulator/getStatsBySQL.php on line 7
[08-Dec-2017 09:16:37 UTC] PHP Parse error:  syntax error, unexpected '$equipment_id' (T_VARIABLE) in /home/ubuntu/workspace/CST336/final_project/Simulator/getStatsBySQL.php on line 7
[08-Dec-2017 09:16:37 UTC] PHP Parse error:  syntax error, unexpected '$equipment_id' (T_VARIABLE) in /home/ubuntu/workspace/CST336/final_project/Simulator/getStatsBySQL.php on line 7
[08-Dec-2017 09:16:37 UTC] PHP Parse error:  syntax error, unexpected '$equipment_id' (T_VARIABLE) in /home/ubuntu/workspace/CST336/final_project/Simulator/getStatsBySQL.php on line 7
[08-Dec-2017 09:16:50 UTC] PHP Parse error:  syntax error, unexpected '$equipment_id' (T_VARIABLE) in /home/ubuntu/workspace/CST336/final_project/Simulator/getStatsBySQL.php on line 7
[08-Dec-2017 09:16:50 UTC] PHP Parse error:  syntax error, unexpected '$equipment_id' (T_VARIABLE) in /home/ubuntu/workspace/CST336/final_project/Simulator/getStatsBySQL.php on line 7
[08-Dec-2017 09:16:50 UTC] PHP Parse error:  syntax error, unexpected '$equipment_id' (T_VARIABLE) in /home/ubuntu/workspace/CST336/final_project/Simulator/getStatsBySQL.php on line 7
[08-Dec-2017 09:16:50 UTC] PHP Parse error:  syntax error, unexpected '$equipment_id' (T_VARIABLE) in /home/ubuntu/workspace/CST336/final_project/Simulator/getStatsBySQL.php on line 7
[08-Dec-2017 09:17:17 UTC] PHP Parse error:  syntax error, unexpected '$equipment_id' (T_VARIABLE) in /home/ubuntu/workspace/CST336/final_project/Simulator/getStatsBySQL.php on line 7
[08-Dec-2017 09:17:17 UTC] PHP Parse error:  syntax error, unexpected '$equipment_id' (T_VARIABLE) in /home/ubuntu/workspace/CST336/final_project/Simulator/getStatsBySQL.php on line 7
[08-Dec-2017 09:17:17 UTC] PHP Parse error:  syntax error, unexpected '$equipment_id' (T_VARIABLE) in /home/ubuntu/workspace/CST336/final_project/Simulator/getStatsBySQL.php on line 7
[08-Dec-2017 09:17:17 UTC] PHP Parse error:  syntax error, unexpected '$equipment_id' (T_VARIABLE) in /home/ubuntu/workspace/CST336/final_project/Simulator/getStatsBySQL.php on line 7
[08-Dec-2017 09:17:59 UTC] PHP Parse error:  syntax error, unexpected '$equipment_id' (T_VARIABLE) in /home/ubuntu/workspace/CST336/final_project/Simulator/getStatsBySQL.php on line 7
[08-Dec-2017 09:17:59 UTC] PHP Parse error:  syntax error, unexpected '$equipment_id' (T_VARIABLE) in /home/ubuntu/workspace/CST336/final_project/Simulator/getStatsBySQL.php on line 7
[08-Dec-2017 09:17:59 UTC] PHP Parse error:  syntax error, unexpected '$equipment_id' (T_VARIABLE) in /home/ubuntu/workspace/CST336/final_project/Simulator/getStatsBySQL.php on line 7
[08-Dec-2017 09:17:59 UTC] PHP Parse error:  syntax error, unexpected '$equipment_id' (T_VARIABLE) in /home/ubuntu/workspace/CST336/final_project/Simulator/getStatsBySQL.php on line 7
[08-Dec-2017 09:18:03 UTC] PHP Fatal error:  Call to a member function prepare() on a non-object in /home/ubuntu/workspace/CST336/final_project/SQLFunctions.php on line 15
[08-Dec-2017 09:18:03 UTC] PHP Stack trace:
[08-Dec-2017 09:18:03 UTC] PHP   1. {main}() /home/ubuntu/workspace/CST336/final_project/Administration/manageEquipment.php:0
[08-Dec-2017 09:18:03 UTC] PHP   2. displayAllEquipment() /home/ubuntu/workspace/CST336/final_project/Administration/manageEquipment.php:74
[08-Dec-2017 09:18:03 UTC] PHP   3. getDataBySQL() /home/ubuntu/workspace/CST336/final_project/Administration/manageEquipment.php:14
[08-Dec-2017 09:27:02 UTC] PHP Fatal error:  Call to a member function prepare() on a non-object in /home/ubuntu/workspace/CST336/final_project/SQLFunctions.php on line 45
[08-Dec-2017 09:27:02 UTC] PHP Stack trace:
[08-Dec-2017 09:27:02 UTC] PHP   1. {main}() /home/ubuntu/workspace/CST336/final_project/Simulator/simulator.php:0
[08-Dec-2017 09:27:02 UTC] PHP   2. populateDropdown() /home/ubuntu/workspace/CST336/final_project/Simulator/simulator.php:47
[08-Dec-2017 09:28:02 UTC] PHP Parse error:  syntax error, unexpected '$equipment_id' (T_VARIABLE) in /home/ubuntu/workspace/CST336/final_project/Simulator/getStatsBySQL.php on line 7
[08-Dec-2017 09:28:02 UTC] PHP Parse error:  syntax error, unexpected '$equipment_id' (T_VARIABLE) in /home/ubuntu/workspace/CST336/final_project/Simulator/getStatsBySQL.php on line 7
[08-Dec-2017 09:28:02 UTC] PHP Parse error:  syntax error, unexpected '$equipment_id' (T_VARIABLE) in /home/ubuntu/workspace/CST336/final_project/Simulator/getStatsBySQL.php on line 7
[08-Dec-2017 09:28:02 UTC] PHP Parse error:  syntax error, unexpected '$equipment_id' (T_VARIABLE) in /home/ubuntu/workspace/CST336/final_project/Simulator/getStatsBySQL.php on line 7
[08-Dec-2017 09:28:10 UTC] PHP Fatal error:  Uncaught exception 'PDOException' with message 'SQLSTATE[HY000] [1049] Unknown database 'final_projects'' in /home/ubuntu/workspace/CST336/dbConnection.php:21
Stack trace:
#0 /home/ubuntu/workspace/CST336/dbConnection.php(21): PDO->__construct('mysql:host=loca...', 'root', '')
#1 /home/ubuntu/workspace/CST336/final_project/Administration/updateEquipment.php(10): getDatabaseConnection('final_projects')
#2 {main}
  thrown in /home/ubuntu/workspace/CST336/dbConnection.php on line 21
[08-Dec-2017 09:29:30 UTC] PHP Parse error:  syntax error, unexpected '$equipment_id' (T_VARIABLE) in /home/ubuntu/workspace/CST336/final_project/Simulator/getStatsBySQL.php on line 7
[08-Dec-2017 09:29:30 UTC] PHP Parse error:  syntax error, unexpected '$equipment_id' (T_VARIABLE) in /home/ubuntu/workspace/CST336/final_project/Simulator/getStatsBySQL.php on line 7
[08-Dec-2017 09:29:30 UTC] PHP Parse error:  syntax error, unexpected '$equipment_id' (T_VARIABLE) in /home/ubuntu/workspace/CST336/final_project/Simulator/getStatsBySQL.php on line 7
[08-Dec-2017 09:29:30 UTC] PHP Parse error:  syntax error, unexpected '$equipment_id' (T_VARIABLE) in /home/ubuntu/workspace/CST336/final_project/Simulator/getStatsBySQL.php on line 7
[08-Dec-2017 09:29:40 UTC] PHP Fatal error:  Uncaught exception 'PDOException' with message 'SQLSTATE[42S02]: Base table or view not found: 1146 Table 'tcp.equipment' doesn't exist' in /home/ubuntu/workspace/CST336/final_project/Administration/updateEquipment.php:45
Stack trace:
#0 /home/ubuntu/workspace/CST336/final_project/Administration/updateEquipment.php(45): PDOStatement->execute(Array)
#1 {main}
  thrown in /home/ubuntu/workspace/CST336/final_project/Administration/updateEquipment.php on line 45
[08-Dec-2017 09:31:40 UTC] PHP Parse error:  syntax error, unexpected '$equipment_id' (T_VARIABLE) in /home/ubuntu/workspace/CST336/final_project/Simulator/getStatsBySQL.php on line 7
[08-Dec-2017 09:31:40 UTC] PHP Parse error:  syntax error, unexpected '$equipment_id' (T_VARIABLE) in /home/ubuntu/workspace/CST336/final_project/Simulator/getStatsBySQL.php on line 7
[08-Dec-2017 09:31:40 UTC] PHP Parse error:  syntax error, unexpected '$equipment_id' (T_VARIABLE) in /home/ubuntu/workspace/CST336/final_project/Simulator/getStatsBySQL.php on line 7
[08-Dec-2017 09:31:40 UTC] PHP Parse error:  syntax error, unexpected '$equipment_id' (T_VARIABLE) in /home/ubuntu/workspace/CST336/final_project/Simulator/getStatsBySQL.php on line 7
[08-Dec-2017 09:32:15 UTC] PHP Parse error:  syntax error, unexpected '$equipment_id' (T_VARIABLE) in /home/ubuntu/workspace/CST336/final_project/Simulator/getStatsBySQL.php on line 7
[08-Dec-2017 09:32:15 UTC] PHP Parse error:  syntax error, unexpected '$equipment_id' (T_VARIABLE) in /home/ubuntu/workspace/CST336/final_project/Simulator/getStatsBySQL.php on line 7
[08-Dec-2017 09:32:15 UTC] PHP Parse error:  syntax error, unexpected '$equipment_id' (T_VARIABLE) in /home/ubuntu/workspace/CST336/final_project/Simulator/getStatsBySQL.php on line 7
[08-Dec-2017 09:32:15 UTC] PHP Parse error:  syntax error, unexpected '$equipment_id' (T_VARIABLE) in /home/ubuntu/workspace/CST336/final_project/Simulator/getStatsBySQL.php on line 7
[08-Dec-2017 09:32:32 UTC] PHP Parse error:  syntax error, unexpected '$equipment_id' (T_VARIABLE) in /home/ubuntu/workspace/CST336/final_project/Simulator/getStatsBySQL.php on line 7
[08-Dec-2017 09:32:32 UTC] PHP Parse error:  syntax error, unexpected '$equipment_id' (T_VARIABLE) in /home/ubuntu/workspace/CST336/final_project/Simulator/getStatsBySQL.php on line 7
[08-Dec-2017 09:32:32 UTC] PHP Parse error:  syntax error, unexpected '$equipment_id' (T_VARIABLE) in /home/ubuntu/workspace/CST336/final_project/Simulator/getStatsBySQL.php on line 7
[08-Dec-2017 09:32:32 UTC] PHP Parse error:  syntax error, unexpected '$equipment_id' (T_VARIABLE) in /home/ubuntu/workspace/CST336/final_project/Simulator/getStatsBySQL.php on line 7
[08-Dec-2017 09:32:34 UTC] PHP Parse error:  syntax error, unexpected '$equipment_id' (T_VARIABLE) in /home/ubuntu/workspace/CST336/final_project/Simulator/getStatsBySQL.php on line 7
[08-Dec-2017 09:32:34 UTC] PHP Parse error:  syntax error, unexpected '$equipment_id' (T_VARIABLE) in /home/ubuntu/workspace/CST336/final_project/Simulator/getStatsBySQL.php on line 7
[08-Dec-2017 09:32:34 UTC] PHP Parse error:  syntax error, unexpected '$equipment_id' (T_VARIABLE) in /home/ubuntu/workspace/CST336/final_project/Simulator/getStatsBySQL.php on line 7
[08-Dec-2017 09:32:34 UTC] PHP Parse error:  syntax error, unexpected '$equipment_id' (T_VARIABLE) in /home/ubuntu/workspace/CST336/final_project/Simulator/getStatsBySQL.php on line 7
[08-Dec-2017 09:33:37 UTC] PHP Parse error:  syntax error, unexpected '$equipment_id' (T_VARIABLE) in /home/ubuntu/workspace/CST336/final_project/Simulator/getStatsBySQL.php on line 7
[08-Dec-2017 09:33:37 UTC] PHP Parse error:  syntax error, unexpected '$equipment_id' (T_VARIABLE) in /home/ubuntu/workspace/CST336/final_project/Simulator/getStatsBySQL.php on line 7
[08-Dec-2017 09:33:37 UTC] PHP Parse error:  syntax error, unexpected '$equipment_id' (T_VARIABLE) in /home/ubuntu/workspace/CST336/final_project/Simulator/getStatsBySQL.php on line 7
[08-Dec-2017 09:33:37 UTC] PHP Parse error:  syntax error, unexpected '$equipment_id' (T_VARIABLE) in /home/ubuntu/workspace/CST336/final_project/Simulator/getStatsBySQL.php on line 7
[08-Dec-2017 09:39:47 UTC] PHP Parse error:  syntax error, unexpected '$equipment_id' (T_VARIABLE) in /home/ubuntu/workspace/CST336/final_project/Simulator/getStatsBySQL.php on line 7
[08-Dec-2017 09:39:47 UTC] PHP Parse error:  syntax error, unexpected '$equipment_id' (T_VARIABLE) in /home/ubuntu/workspace/CST336/final_project/Simulator/getStatsBySQL.php on line 7
[08-Dec-2017 09:39:47 UTC] PHP Parse error:  syntax error, unexpected '$equipment_id' (T_VARIABLE) in /home/ubuntu/workspace/CST336/final_project/Simulator/getStatsBySQL.php on line 7
[08-Dec-2017 09:39:47 UTC] PHP Parse error:  syntax error, unexpected '$equipment_id' (T_VARIABLE) in /home/ubuntu/workspace/CST336/final_project/Simulator/getStatsBySQL.php on line 7
[08-Dec-2017 09:44:18 UTC] PHP Parse error:  syntax error, unexpected '$equipment_id' (T_VARIABLE) in /home/ubuntu/workspace/CST336/final_project/Simulator/getStatsBySQL.php on line 7
[08-Dec-2017 09:44:18 UTC] PHP Parse error:  syntax error, unexpected '$equipment_id' (T_VARIABLE) in /home/ubuntu/workspace/CST336/final_project/Simulator/getStatsBySQL.php on line 7
[08-Dec-2017 09:44:18 UTC] PHP Parse error:  syntax error, unexpected '$equipment_id' (T_VARIABLE) in /home/ubuntu/workspace/CST336/final_project/Simulator/getStatsBySQL.php on line 7
[08-Dec-2017 09:44:18 UTC] PHP Parse error:  syntax error, unexpected '$equipment_id' (T_VARIABLE) in /home/ubuntu/workspace/CST336/final_project/Simulator/getStatsBySQL.php on line 7
[08-Dec-2017 09:44:29 UTC] PHP Parse error:  syntax error, unexpected '$equipment_id' (T_VARIABLE) in /home/ubuntu/workspace/CST336/final_project/Simulator/getStatsBySQL.php on line 7
[08-Dec-2017 09:44:29 UTC] PHP Parse error:  syntax error, unexpected '$equipment_id' (T_VARIABLE) in /home/ubuntu/workspace/CST336/final_project/Simulator/getStatsBySQL.php on line 7
[08-Dec-2017 09:44:30 UTC] PHP Parse error:  syntax error, unexpected '$equipment_id' (T_VARIABLE) in /home/ubuntu/workspace/CST336/final_project/Simulator/getStatsBySQL.php on line 7
[08-Dec-2017 09:44:30 UTC] PHP Parse error:  syntax error, unexpected '$equipment_id' (T_VARIABLE) in /home/ubuntu/workspace/CST336/final_project/Simulator/getStatsBySQL.php on line 7
[08-Dec-2017 09:44:30 UTC] PHP Parse error:  syntax error, unexpected '$equipment_id' (T_VARIABLE) in /home/ubuntu/workspace/CST336/final_project/Simulator/getStatsBySQL.php on line 7
[08-Dec-2017 09:44:30 UTC] PHP Parse error:  syntax error, unexpected '$equipment_id' (T_VARIABLE) in /home/ubuntu/workspace/CST336/final_project/Simulator/getStatsBySQL.php on line 7
[08-Dec-2017 09:44:30 UTC] PHP Parse error:  syntax error, unexpected '$equipment_id' (T_VARIABLE) in /home/ubuntu/workspace/CST336/final_project/Simulator/getStatsBySQL.php on line 7
[08-Dec-2017 09:44:30 UTC] PHP Parse error:  syntax error, unexpected '$equipment_id' (T_VARIABLE) in /home/ubuntu/workspace/CST336/final_project/Simulator/getStatsBySQL.php on line 7
[08-Dec-2017 09:44:36 UTC] PHP Parse error:  syntax error, unexpected '$equipment_id' (T_VARIABLE) in /home/ubuntu/workspace/CST336/final_project/Simulator/getStatsBySQL.php on line 7
[08-Dec-2017 09:44:36 UTC] PHP Parse error:  syntax error, unexpected '$equipment_id' (T_VARIABLE) in /home/ubuntu/workspace/CST336/final_project/Simulator/getStatsBySQL.php on line 7
[08-Dec-2017 09:44:36 UTC] PHP Parse error:  syntax error, unexpected '$equipment_id' (T_VARIABLE) in /home/ubuntu/workspace/CST336/final_project/Simulator/getStatsBySQL.php on line 7
[08-Dec-2017 09:44:36 UTC] PHP Parse error:  syntax error, unexpected '$equipment_id' (T_VARIABLE) in /home/ubuntu/workspace/CST336/final_project/Simulator/getStatsBySQL.php on line 7
[08-Dec-2017 09:44:37 UTC] PHP Parse error:  syntax error, unexpected '$equipment_id' (T_VARIABLE) in /home/ubuntu/workspace/CST336/final_project/Simulator/getStatsBySQL.php on line 7
[08-Dec-2017 09:44:37 UTC] PHP Parse error:  syntax error, unexpected '$equipment_id' (T_VARIABLE) in /home/ubuntu/workspace/CST336/final_project/Simulator/getStatsBySQL.php on line 7
[08-Dec-2017 09:44:37 UTC] PHP Parse error:  syntax error, unexpected '$equipment_id' (T_VARIABLE) in /home/ubuntu/workspace/CST336/final_project/Simulator/getStatsBySQL.php on line 7
[08-Dec-2017 09:44:37 UTC] PHP Parse error:  syntax error, unexpected '$equipment_id' (T_VARIABLE) in /home/ubuntu/workspace/CST336/final_project/Simulator/getStatsBySQL.php on line 7
[08-Dec-2017 09:44:37 UTC] PHP Parse error:  syntax error, unexpected '$equipment_id' (T_VARIABLE) in /home/ubuntu/workspace/CST336/final_project/Simulator/getStatsBySQL.php on line 7
[08-Dec-2017 09:44:37 UTC] PHP Parse error:  syntax error, unexpected '$equipment_id' (T_VARIABLE) in /home/ubuntu/workspace/CST336/final_project/Simulator/getStatsBySQL.php on line 7
[08-Dec-2017 09:44:37 UTC] PHP Parse error:  syntax error, unexpected '$equipment_id' (T_VARIABLE) in /home/ubuntu/workspace/CST336/final_project/Simulator/getStatsBySQL.php on line 7
[08-Dec-2017 09:44:37 UTC] PHP Parse error:  syntax error, unexpected '$equipment_id' (T_VARIABLE) in /home/ubuntu/workspace/CST336/final_project/Simulator/getStatsBySQL.php on line 7
[08-Dec-2017 09:44:54 UTC] PHP Parse error:  syntax error, unexpected '$equipment_id' (T_VARIABLE) in /home/ubuntu/workspace/CST336/final_project/Simulator/getStatsBySQL.php on line 7
[08-Dec-2017 09:44:54 UTC] PHP Parse error:  syntax error, unexpected '$equipment_id' (T_VARIABLE) in /home/ubuntu/workspace/CST336/final_project/Simulator/getStatsBySQL.php on line 7
[08-Dec-2017 09:44:54 UTC] PHP Parse error:  syntax error, unexpected '$equipment_id' (T_VARIABLE) in /home/ubuntu/workspace/CST336/final_project/Simulator/getStatsBySQL.php on line 7
[08-Dec-2017 09:44:54 UTC] PHP Parse error:  syntax error, unexpected '$equipment_id' (T_VARIABLE) in /home/ubuntu/workspace/CST336/final_project/Simulator/getStatsBySQL.php on line 7
[08-Dec-2017 09:44:56 UTC] PHP Parse error:  syntax error, unexpected '$equipment_id' (T_VARIABLE) in /home/ubuntu/workspace/CST336/final_project/Simulator/getStatsBySQL.php on line 7
[08-Dec-2017 09:44:56 UTC] PHP Parse error:  syntax error, unexpected '$equipment_id' (T_VARIABLE) in /home/ubuntu/workspace/CST336/final_project/Simulator/getStatsBySQL.php on line 7
[08-Dec-2017 09:44:56 UTC] PHP Parse error:  syntax error, unexpected '$equipment_id' (T_VARIABLE) in /home/ubuntu/workspace/CST336/final_project/Simulator/getStatsBySQL.php on line 7
[08-Dec-2017 09:44:56 UTC] PHP Parse error:  syntax error, unexpected '$equipment_id' (T_VARIABLE) in /home/ubuntu/workspace/CST336/final_project/Simulator/getStatsBySQL.php on line 7
[08-Dec-2017 09:46:28 UTC] PHP Parse error:  syntax error, unexpected '$equipment_id' (T_VARIABLE) in /home/ubuntu/workspace/CST336/final_project/Simulator/getStatsBySQL.php on line 7
[08-Dec-2017 09:46:28 UTC] PHP Parse error:  syntax error, unexpected '$equipment_id' (T_VARIABLE) in /home/ubuntu/workspace/CST336/final_project/Simulator/getStatsBySQL.php on line 7
[08-Dec-2017 09:46:28 UTC] PHP Parse error:  syntax error, unexpected '$equipment_id' (T_VARIABLE) in /home/ubuntu/workspace/CST336/final_project/Simulator/getStatsBySQL.php on line 7
[08-Dec-2017 09:46:28 UTC] PHP Parse error:  syntax error, unexpected '$equipment_id' (T_VARIABLE) in /home/ubuntu/workspace/CST336/final_project/Simulator/getStatsBySQL.php on line 7
[08-Dec-2017 09:46:30 UTC] PHP Parse error:  syntax error, unexpected '$equipment_id' (T_VARIABLE) in /home/ubuntu/workspace/CST336/final_project/Simulator/getStatsBySQL.php on line 7
[08-Dec-2017 09:46:30 UTC] PHP Parse error:  syntax error, unexpected '$equipment_id' (T_VARIABLE) in /home/ubuntu/workspace/CST336/final_project/Simulator/getStatsBySQL.php on line 7
[08-Dec-2017 09:46:30 UTC] PHP Parse error:  syntax error, unexpected '$equipment_id' (T_VARIABLE) in /home/ubuntu/workspace/CST336/final_project/Simulator/getStatsBySQL.php on line 7
[08-Dec-2017 09:46:30 UTC] PHP Parse error:  syntax error, unexpected '$equipment_id' (T_VARIABLE) in /home/ubuntu/workspace/CST336/final_project/Simulator/getStatsBySQL.php on line 7
[08-Dec-2017 09:46:31 UTC] PHP Parse error:  syntax error, unexpected '$equipment_id' (T_VARIABLE) in /home/ubuntu/workspace/CST336/final_project/Simulator/getStatsBySQL.php on line 7
[08-Dec-2017 09:46:31 UTC] PHP Parse error:  syntax error, unexpected '$equipment_id' (T_VARIABLE) in /home/ubuntu/workspace/CST336/final_project/Simulator/getStatsBySQL.php on line 7
[08-Dec-2017 09:46:31 UTC] PHP Parse error:  syntax error, unexpected '$equipment_id' (T_VARIABLE) in /home/ubuntu/workspace/CST336/final_project/Simulator/getStatsBySQL.php on line 7
[08-Dec-2017 09:46:31 UTC] PHP Parse error:  syntax error, unexpected '$equipment_id' (T_VARIABLE) in /home/ubuntu/workspace/CST336/final_project/Simulator/getStatsBySQL.php on line 7
[08-Dec-2017 09:46:45 UTC] PHP Parse error:  syntax error, unexpected '$equipment_id' (T_VARIABLE) in /home/ubuntu/workspace/CST336/final_project/Simulator/getStatsBySQL.php on line 7
[08-Dec-2017 09:46:45 UTC] PHP Parse error:  syntax error, unexpected '$equipment_id' (T_VARIABLE) in /home/ubuntu/workspace/CST336/final_project/Simulator/getStatsBySQL.php on line 7
[08-Dec-2017 09:46:45 UTC] PHP Parse error:  syntax error, unexpected '$equipment_id' (T_VARIABLE) in /home/ubuntu/workspace/CST336/final_project/Simulator/getStatsBySQL.php on line 7
[08-Dec-2017 09:46:45 UTC] PHP Parse error:  syntax error, unexpected '$equipment_id' (T_VARIABLE) in /home/ubuntu/workspace/CST336/final_project/Simulator/getStatsBySQL.php on line 7
[08-Dec-2017 09:46:47 UTC] PHP Parse error:  syntax error, unexpected '$equipment_id' (T_VARIABLE) in /home/ubuntu/workspace/CST336/final_project/Simulator/getStatsBySQL.php on line 7
[08-Dec-2017 09:46:47 UTC] PHP Parse error:  syntax error, unexpected '$equipment_id' (T_VARIABLE) in /home/ubuntu/workspace/CST336/final_project/Simulator/getStatsBySQL.php on line 7
[08-Dec-2017 09:46:47 UTC] PHP Parse error:  syntax error, unexpected '$equipment_id' (T_VARIABLE) in /home/ubuntu/workspace/CST336/final_project/Simulator/getStatsBySQL.php on line 7
[08-Dec-2017 09:46:47 UTC] PHP Parse error:  syntax error, unexpected '$equipment_id' (T_VARIABLE) in /home/ubuntu/workspace/CST336/final_project/Simulator/getStatsBySQL.php on line 7
[08-Dec-2017 09:49:57 UTC] PHP Parse error:  syntax error, unexpected '$equipment_id' (T_VARIABLE) in /home/ubuntu/workspace/CST336/final_project/Simulator/getStatsBySQL.php on line 7
[08-Dec-2017 09:49:57 UTC] PHP Parse error:  syntax error, unexpected '$equipment_id' (T_VARIABLE) in /home/ubuntu/workspace/CST336/final_project/Simulator/getStatsBySQL.php on line 7
[08-Dec-2017 09:49:57 UTC] PHP Parse error:  syntax error, unexpected '$equipment_id' (T_VARIABLE) in /home/ubuntu/workspace/CST336/final_project/Simulator/getStatsBySQL.php on line 7
[08-Dec-2017 09:49:57 UTC] PHP Parse error:  syntax error, unexpected '$equipment_id' (T_VARIABLE) in /home/ubuntu/workspace/CST336/final_project/Simulator/getStatsBySQL.php on line 7
[08-Dec-2017 09:50:00 UTC] PHP Parse error:  syntax error, unexpected '$equipment_id' (T_VARIABLE) in /home/ubuntu/workspace/CST336/final_project/Simulator/getStatsBySQL.php on line 7
[08-Dec-2017 09:50:00 UTC] PHP Parse error:  syntax error, unexpected '$equipment_id' (T_VARIABLE) in /home/ubuntu/workspace/CST336/final_project/Simulator/getStatsBySQL.php on line 7
[08-Dec-2017 09:50:00 UTC] PHP Parse error:  syntax error, unexpected '$equipment_id' (T_VARIABLE) in /home/ubuntu/workspace/CST336/final_project/Simulator/getStatsBySQL.php on line 7
[08-Dec-2017 09:50:00 UTC] PHP Parse error:  syntax error, unexpected '$equipment_id' (T_VARIABLE) in /home/ubuntu/workspace/CST336/final_project/Simulator/getStatsBySQL.php on line 7
[08-Dec-2017 09:50:00 UTC] PHP Parse error:  syntax error, unexpected '$equipment_id' (T_VARIABLE) in /home/ubuntu/workspace/CST336/final_project/Simulator/getStatsBySQL.php on line 7
[08-Dec-2017 09:50:00 UTC] PHP Parse error:  syntax error, unexpected '$equipment_id' (T_VARIABLE) in /home/ubuntu/workspace/CST336/final_project/Simulator/getStatsBySQL.php on line 7
[08-Dec-2017 09:50:00 UTC] PHP Parse error:  syntax error, unexpected '$equipment_id' (T_VARIABLE) in /home/ubuntu/workspace/CST336/final_project/Simulator/getStatsBySQL.php on line 7
[08-Dec-2017 09:50:00 UTC] PHP Parse error:  syntax error, unexpected '$equipment_id' (T_VARIABLE) in /home/ubuntu/workspace/CST336/final_project/Simulator/getStatsBySQL.php on line 7
[08-Dec-2017 09:50:02 UTC] PHP Parse error:  syntax error, unexpected '$equipment_id' (T_VARIABLE) in /home/ubuntu/workspace/CST336/final_project/Simulator/getStatsBySQL.php on line 7
[08-Dec-2017 09:50:02 UTC] PHP Parse error:  syntax error, unexpected '$equipment_id' (T_VARIABLE) in /home/ubuntu/workspace/CST336/final_project/Simulator/getStatsBySQL.php on line 7
[08-Dec-2017 09:50:02 UTC] PHP Parse error:  syntax error, unexpected '$equipment_id' (T_VARIABLE) in /home/ubuntu/workspace/CST336/final_project/Simulator/getStatsBySQL.php on line 7
[08-Dec-2017 09:50:02 UTC] PHP Parse error:  syntax error, unexpected '$equipment_id' (T_VARIABLE) in /home/ubuntu/workspace/CST336/final_project/Simulator/getStatsBySQL.php on line 7
[08-Dec-2017 09:50:17 UTC] PHP Parse error:  syntax error, unexpected '$equipment_id' (T_VARIABLE) in /home/ubuntu/workspace/CST336/final_project/Simulator/getStatsBySQL.php on line 7
[08-Dec-2017 09:50:17 UTC] PHP Parse error:  syntax error, unexpected '$equipment_id' (T_VARIABLE) in /home/ubuntu/workspace/CST336/final_project/Simulator/getStatsBySQL.php on line 7
[08-Dec-2017 09:50:17 UTC] PHP Parse error:  syntax error, unexpected '$equipment_id' (T_VARIABLE) in /home/ubuntu/workspace/CST336/final_project/Simulator/getStatsBySQL.php on line 7
[08-Dec-2017 09:50:17 UTC] PHP Parse error:  syntax error, unexpected '$equipment_id' (T_VARIABLE) in /home/ubuntu/workspace/CST336/final_project/Simulator/getStatsBySQL.php on line 7
[08-Dec-2017 09:50:18 UTC] PHP Parse error:  syntax error, unexpected '$equipment_id' (T_VARIABLE) in /home/ubuntu/workspace/CST336/final_project/Simulator/getStatsBySQL.php on line 7
[08-Dec-2017 09:50:18 UTC] PHP Parse error:  syntax error, unexpected '$equipment_id' (T_VARIABLE) in /home/ubuntu/workspace/CST336/final_project/Simulator/getStatsBySQL.php on line 7
[08-Dec-2017 09:50:18 UTC] PHP Parse error:  syntax error, unexpected '$equipment_id' (T_VARIABLE) in /home/ubuntu/workspace/CST336/final_project/Simulator/getStatsBySQL.php on line 7
[08-Dec-2017 09:50:18 UTC] PHP Parse error:  syntax error, unexpected '$equipment_id' (T_VARIABLE) in /home/ubuntu/workspace/CST336/final_project/Simulator/getStatsBySQL.php on line 7
[08-Dec-2017 09:50:24 UTC] PHP Parse error:  syntax error, unexpected '$equipment_id' (T_VARIABLE) in /home/ubuntu/workspace/CST336/final_project/Simulator/getStatsBySQL.php on line 7
[08-Dec-2017 09:50:24 UTC] PHP Parse error:  syntax error, unexpected '$equipment_id' (T_VARIABLE) in /home/ubuntu/workspace/CST336/final_project/Simulator/getStatsBySQL.php on line 7
[08-Dec-2017 09:50:24 UTC] PHP Parse error:  syntax error, unexpected '$equipment_id' (T_VARIABLE) in /home/ubuntu/workspace/CST336/final_project/Simulator/getStatsBySQL.php on line 7
[08-Dec-2017 09:50:24 UTC] PHP Parse error:  syntax error, unexpected '$equipment_id' (T_VARIABLE) in /home/ubuntu/workspace/CST336/final_project/Simulator/getStatsBySQL.php on line 7
[08-Dec-2017 09:50:25 UTC] PHP Parse error:  syntax error, unexpected '$equipment_id' (T_VARIABLE) in /home/ubuntu/workspace/CST336/final_project/Simulator/getStatsBySQL.php on line 7
[08-Dec-2017 09:50:25 UTC] PHP Parse error:  syntax error, unexpected '$equipment_id' (T_VARIABLE) in /home/ubuntu/workspace/CST336/final_project/Simulator/getStatsBySQL.php on line 7
[08-Dec-2017 09:50:25 UTC] PHP Parse error:  syntax error, unexpected '$equipment_id' (T_VARIABLE) in /home/ubuntu/workspace/CST336/final_project/Simulator/getStatsBySQL.php on line 7
[08-Dec-2017 09:50:25 UTC] PHP Parse error:  syntax error, unexpected '$equipment_id' (T_VARIABLE) in /home/ubuntu/workspace/CST336/final_project/Simulator/getStatsBySQL.php on line 7
[08-Dec-2017 09:50:26 UTC] PHP Parse error:  syntax error, unexpected '$equipment_id' (T_VARIABLE) in /home/ubuntu/workspace/CST336/final_project/Simulator/getStatsBySQL.php on line 7
[08-Dec-2017 09:50:26 UTC] PHP Parse error:  syntax error, unexpected '$equipment_id' (T_VARIABLE) in /home/ubuntu/workspace/CST336/final_project/Simulator/getStatsBySQL.php on line 7
[08-Dec-2017 09:50:26 UTC] PHP Parse error:  syntax error, unexpected '$equipment_id' (T_VARIABLE) in /home/ubuntu/workspace/CST336/final_project/Simulator/getStatsBySQL.php on line 7
[08-Dec-2017 09:50:26 UTC] PHP Parse error:  syntax error, unexpected '$equipment_id' (T_VARIABLE) in /home/ubuntu/workspace/CST336/final_project/Simulator/getStatsBySQL.php on line 7
[08-Dec-2017 09:50:28 UTC] PHP Parse error:  syntax error, unexpected '$equipment_id' (T_VARIABLE) in /home/ubuntu/workspace/CST336/final_project/Simulator/getStatsBySQL.php on line 7
[08-Dec-2017 09:50:28 UTC] PHP Parse error:  syntax error, unexpected '$equipment_id' (T_VARIABLE) in /home/ubuntu/workspace/CST336/final_project/Simulator/getStatsBySQL.php on line 7
[08-Dec-2017 09:50:28 UTC] PHP Parse error:  syntax error, unexpected '$equipment_id' (T_VARIABLE) in /home/ubuntu/workspace/CST336/final_project/Simulator/getStatsBySQL.php on line 7
[08-Dec-2017 09:50:28 UTC] PHP Parse error:  syntax error, unexpected '$equipment_id' (T_VARIABLE) in /home/ubuntu/workspace/CST336/final_project/Simulator/getStatsBySQL.php on line 7
[08-Dec-2017 15:34:25 UTC] PHP Parse error:  syntax error, unexpected '=', expecting ',' or ';' in /home/ubuntu/workspace/CST336/final_project/SQLFunctions.php on line 4
[08-Dec-2017 15:34:25 UTC] PHP Stack trace:
[08-Dec-2017 15:34:25 UTC] PHP   1. {main}() /home/ubuntu/workspace/CST336/final_project/Login/loginProcess.php:0
[08-Dec-2017 15:45:26 UTC] PHP Parse error:  syntax error, unexpected '$records' (T_VARIABLE) in /home/ubuntu/workspace/CST336/final_project/SQLFunctions.php on line 36
[08-Dec-2017 15:45:26 UTC] PHP Stack trace:
[08-Dec-2017 15:45:26 UTC] PHP   1. {main}() /home/ubuntu/workspace/CST336/final_project/Simulator/simulator.php:0
